Arguments: 
  /usr/local/bin/node /usr/local/bin/yarn build

PATH: 
  /usr/lib/jvm/java-8-openjdk-amd64/bin:/usr/local/sbin:/usr/local/bin:/usr/sbin:/usr/bin:/sbin:/bin:/usr/games:/usr/local/games:/snap/bin:/u01/app/oracle/product/11.2.0/xe:/u01/app/oracle/product/11.2.0/xe/bin

Yarn version: 
  1.22.17

Node version: 
  16.13.0

Platform: 
  linux x64

Trace: 
  SyntaxError: /home/guilherme-carlos/Documents/code/my-github-actions/package.json: Unexpected string in JSON at position 164
      at JSON.parse (<anonymous>)
      at /usr/local/lib/node_modules/yarn/lib/cli.js:1625:59
      at Generator.next (<anonymous>)
      at step (/usr/local/lib/node_modules/yarn/lib/cli.js:310:30)
      at /usr/local/lib/node_modules/yarn/lib/cli.js:321:13

npm manifest: 
  {
    "name": "my-github-actions",
    "version": "1.0.0",
    "description": "",
    "main": "index.js",
    "scripts": {
      "build": "ncc build src/action.js -o dist"
      "test": "echo \"Error: no test specified\" && exit 1"
    },
    "repository": {
      "type": "git",
      "url": "git+https://github.com/guuicarl/my-github-actions.git"
    },
    "author": "Guilherme Carlos",
    "license": "ISC",
    "bugs": {
      "url": "https://github.com/guuicarl/my-github-actions/issues"
    },
    "homepage": "https://github.com/guuicarl/my-github-actions#readme",
    "dependencies": {
      "@vercel/ncc": "^0.33.1"
    }
  }

yarn manifest: 
  No manifest

Lockfile: 
  # THIS IS AN AUTOGENERATED FILE. DO NOT EDIT THIS FILE DIRECTLY.
  # yarn lockfile v1
  
  
  "@vercel/ncc@^0.33.1":
    version "0.33.1"
    resolved "https://registry.yarnpkg.com/@vercel/ncc/-/ncc-0.33.1.tgz#b240080a3c1ded9446a30955a06a79851bb38f71"
    integrity sha512-Mlsps/P0PLZwsCFtSol23FGqT3FhBGb4B1AuGQ52JTAtXhak+b0Fh/4T55r0/SVQPeRiX9pNItOEHwakGPmZYA==
